wear/build/outputs/apk/manifest-merger-debug-report.txt
-- Merging decision tree log ---
manifest
ADDED from AndroidManifest.xml:2:1
	package
		ADDED from AndroidManifest.xml:3:5
		INJECTED from AndroidManifest.xml:0:0
		INJECTED from AndroidManifest.xml:0:0
	android:versionName
		INJECTED from AndroidManifest.xml:0:0
		INJECTED from AndroidManifest.xml:0:0
	xmlns:android
		ADDED from AndroidManifest.xml:2:11
	android:versionCode
		INJECTED from AndroidManifest.xml:0:0
		INJECTED from AndroidManifest.xml:0:0
uses-feature#android.hardware.type.watch
ADDED from AndroidManifest.xml:5:5
	android:name
		ADDED from AndroidManifest.xml:5:19
uses-feature#android.hardware.sensor.accelerometer
ADDED from AndroidManifest.xml:6:5
	android:required
		ADDED from AndroidManifest.xml:6:72
	android:name
		ADDED from AndroidManifest.xml:6:19
application
ADDED from AndroidManifest.xml:8:5
MERGED from com.google.android.support:wearable:1.0.0:5:5
MERGED from com.android.support:support-v4:20.0.0:17:5
MERGED from com.android.support:support-v13:20.0.0:17:5
MERGED from com.android.support:support-v4:20.0.0:17:5
MERGED from com.google.android.gms:play-services-wearable:6.1.11:16:5
MERGED from com.android.support:support-v4:20.0.0:17:5
	android:label
		ADDED from AndroidManifest.xml:11:9
	android:allowBackup
		ADDED from AndroidManifest.xml:9:9
	android:icon
		ADDED from AndroidManifest.xml:10:9
	android:theme
		ADDED from AndroidManifest.xml:12:9
meta-data#com.google.android.gms.version
ADDED from AndroidManifest.xml:14:9
	android:value
		ADDED from AndroidManifest.xml:14:66
	android:name
		ADDED from AndroidManifest.xml:14:20
activity#com.dmt.gestureproject_1.MainActivityWear
ADDED from AndroidManifest.xml:16:9
	android:label
		ADDED from AndroidManifest.xml:18:13
	android:name
		ADDED from AndroidManifest.xml:17:13
intent-filter#android.intent.action.MAIN+android.intent.category.LAUNCHER
ADDED from AndroidManifest.xml:19:13
action#android.intent.action.MAIN
ADDED from AndroidManifest.xml:20:17
	android:name
		ADDED from AndroidManifest.xml:20:25
category#android.intent.category.LAUNCHER
ADDED from AndroidManifest.xml:22:17
	android:name
		ADDED from AndroidManifest.xml:22:27
uses-sdk
INJECTED from AndroidManifest.xml:0:0 reason: use-sdk injection requested
MERGED from com.google.android.support:wearable:1.0.0:3:5
MERGED from com.android.support:support-v4:20.0.0:16:5
MERGED from com.android.support:support-v13:20.0.0:16:5
MERGED from com.android.support:support-v4:20.0.0:16:5
MERGED from com.google.android.gms:play-services-wearable:6.1.11:15:5
MERGED from com.android.support:support-v4:20.0.0:16:5
	android:targetSdkVersion
		INJECTED from AndroidManifest.xml:0:0
		INJECTED from AndroidManifest.xml:0:0
	android:minSdkVersion
		INJECTED from AndroidManifest.xml:0:0
		INJECTED from AndroidManifest.xml:0:0